<?xml version="1.0" encoding="UTF-8"?>
<!-- Generated by org.testng.reporters.JUnitXMLReporter -->
<testsuite ignored="0" hostname="DESKTOP-3GNSTIR" failures="0" tests="6" name="Default test" time="70.131" errors="0" timestamp="2022-05-23T16:03:53 EET">
  <testcase classname="tests.CreateAccountTest" name="HomePageSignIn" time="16.303"/>
  <testcase classname="tests.CreateAccountTest" name="HomePageSignIn" time="8.926"/>
  <testcase classname="tests.CreateAccountTest" name="HomePageSignIn" time="7.527"/>
  <testcase classname="tests.CreateAccountTest" name="HomePageSignIn" time="10.141"/>
  <testcase classname="tests.CreateAccountTest" name="HomePageSignIn" time="8.03"/>
  <testcase classname="tests.CreateAccountTest" name="HomePageSignIn" time="7.391"/>
</testsuite> <!-- Default test -->
