<?xml version="1.0" encoding="UTF-8"?>
<!-- Generated by org.testng.reporters.JUnitXMLReporter -->
<testsuite ignored="0" hostname="DESKTOP-3GNSTIR" failures="0" tests="6" name="Firefox Test" time="88.431" errors="0" timestamp="2022-05-25T23:18:10 EET">
  <testcase classname="tests.CreateAccountTest" name="HomePageSignIn" time="8.172"/>
  <testcase classname="tests.CreateAccountTest" name="HomePageSignIn" time="12.414"/>
  <testcase classname="tests.CreateAccountTest" name="HomePageSignIn" time="9.418"/>
  <testcase classname="tests.CreateAccountTest" name="HomePageSignIn" time="8.439"/>
  <testcase classname="tests.CreateAccountTest" name="HomePageSignIn" time="6.074"/>
  <testcase classname="tests.CreateAccountTest" name="HomePageSignIn" time="9.859"/>
</testsuite> <!-- Firefox Test -->
