<?xml version="1.0" encoding="UTF-8"?>
<!-- Generated by org.testng.reporters.JUnitXMLReporter -->
<testsuite ignored="0" hostname="DESKTOP-3GNSTIR" failures="0" tests="6" name="Firefox Test" time="98.509" errors="0" timestamp="2022-05-23T16:07:49 EET">
  <testcase classname="tests.CreateAccountTest" name="HomePageSignIn" time="14.771"/>
  <testcase classname="tests.CreateAccountTest" name="HomePageSignIn" time="11.216"/>
  <testcase classname="tests.CreateAccountTest" name="HomePageSignIn" time="4.75"/>
  <testcase classname="tests.CreateAccountTest" name="HomePageSignIn" time="3.415"/>
  <testcase classname="tests.CreateAccountTest" name="HomePageSignIn" time="24.495"/>
  <testcase classname="tests.CreateAccountTest" name="HomePageSignIn" time="26.624"/>
</testsuite> <!-- Firefox Test -->
