<?xml version="1.0" encoding="UTF-8"?>
<!-- Generated by org.testng.reporters.JUnitXMLReporter -->
<testsuite ignored="0" hostname="DESKTOP-3GNSTIR" failures="0" tests="6" name="Test" time="48.627" errors="0" timestamp="2022-05-23T02:14:46 EET">
  <testcase classname="tests.CreateAccountTest" name="HomePageSignIn" time="5.079"/>
  <testcase classname="tests.CreateAccountTest" name="HomePageSignIn" time="5.383"/>
  <testcase classname="tests.CreateAccountTest" name="HomePageSignIn" time="3.295"/>
  <testcase classname="tests.CreateAccountTest" name="HomePageSignIn" time="4.003"/>
  <testcase classname="tests.CreateAccountTest" name="HomePageSignIn" time="3.35"/>
  <testcase classname="tests.CreateAccountTest" name="HomePageSignIn" time="2.763"/>
</testsuite> <!-- Test -->
